Command line:
   tb_reg_isim_beh.exe
     -simmode  gui
     -simrunnum  0
     -socket  62440

Tue May 10 09:26:39 2022


 Elaboration Time: 0.125 sec

 Current Memory Usage: 5647.9 Meg

 Total Signals          : 17
 Total Nets             : 1137
 Total Signal Drivers   : 9
 Total Blocks           : 4
 Total Primitive Blocks : 3
 Total Processes        : 4
 Total Traceable Variables  : 14
 Total Scalar Nets and Variables : 1621
Total Line Count : 35

 Total Simulation Time: 0.234375 sec

 Current Memory Usage: 4704.18 Meg

Tue May 10 10:28:03 2022

