Release 14.7 - xst P.20131013 (nt64)
Copyright (c) 1995-2013 Xilinx, Inc.  All rights reserved.
--> Parameter TMPDIR set to xst/projnav.tmp


Total REAL time to Xst completion: 0.00 secs
Total CPU time to Xst completion: 0.10 secs
 
--> Parameter xsthdpdir set to xst


Total REAL time to Xst completion: 0.00 secs
Total CPU time to Xst completion: 0.10 secs
 
--> Reading design: ALU_top.prj

TABLE OF CONTENTS
  1) Synthesis Options Summary
  2) HDL Parsing
  3) HDL Elaboration
  4) HDL Synthesis
       4.1) HDL Synthesis Report
  5) Advanced HDL Synthesis
       5.1) Advanced HDL Synthesis Report
  6) Low Level Synthesis
  7) Partition Report
  8) Design Summary
       8.1) Primitive and Black Box Usage
       8.2) Device utilization summary
       8.3) Partition Resource Summary
       8.4) Timing Report
            8.4.1) Clock Information
            8.4.2) Asynchronous Control Signals Information
            8.4.3) Timing Summary
            8.4.4) Timing Details
            8.4.5) Cross Clock Domains Report


=========================================================================
*                      Synthesis Options Summary                        *
=========================================================================
---- Source Parameters
Input File Name                    : "ALU_top.prj"
Ignore Synthesis Constraint File   : NO

---- Target Parameters
Output File Name                   : "ALU_top"
Output Format                      : NGC
Target Device                      : xc7a100t-3-csg324

---- Source Options
Top Module Name                    : ALU_top
Automatic FSM Extraction           : YES
FSM Encoding Algorithm             : Auto
Safe Implementation                : No
FSM Style                          : LUT
RAM Extraction                     : Yes
RAM Style                          : Auto
ROM Extraction                     : Yes
Shift Register Extraction          : YES
ROM Style                          : Auto
Resource Sharing                   : YES
Asynchronous To Synchronous        : NO
Shift Register Minimum Size        : 2
Use DSP Block                      : Auto
Automatic Register Balancing       : No

---- Target Options
LUT Combining                      : Auto
Reduce Control Sets                : Auto
Add IO Buffers                     : YES
Global Maximum Fanout              : 100000
Add Generic Clock Buffer(BUFG)     : 32
Register Duplication               : YES
Optimize Instantiated Primitives   : NO
Use Clock Enable                   : Auto
Use Synchronous Set                : Auto
Use Synchronous Reset              : Auto
Pack IO Registers into IOBs        : Auto
Equivalent register Removal        : YES

---- General Options
Optimization Goal                  : Speed
Optimization Effort                : 1
Power Reduction                    : NO
Keep Hierarchy                     : No
Netlist Hierarchy                  : As_Optimized
RTL Output                         : Yes
Global Optimization                : AllClockNets
Read Cores                         : YES
Write Timing Constraints           : NO
Cross Clock Analysis               : NO
Hierarchy Separator                : /
Bus Delimiter                      : <>
Case Specifier                     : Maintain
Slice Utilization Ratio            : 100
BRAM Utilization Ratio             : 100
DSP48 Utilization Ratio            : 100
Auto BRAM Packing                  : NO
Slice Utilization Ratio Delta      : 5

=========================================================================


=========================================================================
*                          HDL Parsing                                  *
=========================================================================
Parsing VHDL file "C:\Users\Beyazit\Desktop\xlinx_projects\alu\half_adder.vhd" into library work
Parsing entity <half_adder>.
Parsing architecture <Behavioral> of entity <half_adder>.
Parsing VHDL file "C:\Users\Beyazit\Desktop\xlinx_projects\alu\full_adder.vhd" into library work
Parsing entity <full_adder>.
Parsing architecture <Behavioral> of entity <full_adder>.
Parsing VHDL file "C:\Users\Beyazit\Desktop\xlinx_projects\alu\seven_four.vhd" into library work
Parsing entity <seven_four>.
Parsing architecture <Behavioral> of entity <seven_four>.
Parsing VHDL file "C:\Users\Beyazit\Desktop\xlinx_projects\alu\NotA.vhd" into library work
Parsing entity <NotA>.
Parsing architecture <Behavioral> of entity <nota>.
Parsing VHDL file "C:\Users\Beyazit\Desktop\xlinx_projects\alu\increment.vhd" into library work
Parsing entity <increment>.
Parsing architecture <Behavioral> of entity <increment>.
Parsing VHDL file "C:\Users\Beyazit\Desktop\xlinx_projects\alu\four_bit_xor.vhd" into library work
Parsing entity <four_bit_xor>.
Parsing architecture <Behavioral> of entity <four_bit_xor>.
Parsing VHDL file "C:\Users\Beyazit\Desktop\xlinx_projects\alu\four_bit_subtract.vhd" into library work
Parsing entity <four_bit_subtract>.
Parsing architecture <Behavioral> of entity <four_bit_subtract>.
Parsing VHDL file "C:\Users\Beyazit\Desktop\xlinx_projects\alu\four_bit_or.vhd" into library work
Parsing entity <four_bit_or>.
Parsing architecture <Behavioral> of entity <four_bit_or>.
Parsing VHDL file "C:\Users\Beyazit\Desktop\xlinx_projects\alu\four_bit_and.vhd" into library work
Parsing entity <four_bit_and>.
Parsing architecture <Behavioral> of entity <four_bit_and>.
Parsing VHDL file "C:\Users\Beyazit\Desktop\xlinx_projects\alu\four_bit_adder.vhd" into library work
Parsing entity <four_bit_adder>.
Parsing architecture <Behavioral> of entity <four_bit_adder>.
Parsing VHDL file "C:\Users\Beyazit\Desktop\xlinx_projects\alu\decrement.vhd" into library work
Parsing entity <decrement>.
Parsing architecture <Behavioral> of entity <decrement>.
Parsing VHDL file "C:\Users\Beyazit\Desktop\xlinx_projects\alu\ALU_top.vhd" into library work
Parsing entity <ALU_top>.
Parsing architecture <Behavioral> of entity <alu_top>.

=========================================================================
*                            HDL Elaboration                            *
=========================================================================

Elaborating entity <ALU_top> (architecture <Behavioral>) from library <work>.

Elaborating entity <four_bit_adder> (architecture <Behavioral>) from library <work>.

Elaborating entity <full_adder> (architecture <Behavioral>) from library <work>.

Elaborating entity <half_adder> (architecture <Behavioral>) from library <work>.

Elaborating entity <four_bit_subtract> (architecture <Behavioral>) from library <work>.

Elaborating entity <four_bit_and> (architecture <Behavioral>) from library <work>.

Elaborating entity <four_bit_or> (architecture <Behavioral>) from library <work>.

Elaborating entity <four_bit_xor> (architecture <Behavioral>) from library <work>.

Elaborating entity <increment> (architecture <Behavioral>) from library <work>.

Elaborating entity <decrement> (architecture <Behavioral>) from library <work>.

Elaborating entity <NotA> (architecture <Behavioral>) from library <work>.

Elaborating entity <seven_four> (architecture <Behavioral>) from library <work>.
INFO:HDLCompiler:679 - "C:\Users\Beyazit\Desktop\xlinx_projects\alu\seven_four.vhd" Line 156. Case statement is complete. others clause is never selected
WARNING:HDLCompiler:634 - "C:\Users\Beyazit\Desktop\xlinx_projects\alu\ALU_top.vhd" Line 106: Net <inc_carry> does not have a driver.

=========================================================================
*                           HDL Synthesis                               *
=========================================================================

Synthesizing Unit <ALU_top>.
    Related source file is "C:\Users\Beyazit\Desktop\xlinx_projects\alu\ALU_top.vhd".
INFO:Xst:3210 - "C:\Users\Beyazit\Desktop\xlinx_projects\alu\ALU_top.vhd" line 121: Output port <cout> of the instance <A5> is unconnected or connected to loadless signal.
WARNING:Xst:653 - Signal <inc_carry> is used but never assigned. This sourceless signal will be automatically connected to value GND.
    Found 4-bit 8-to-1 multiplexer for signal <final_out> created at line 146.
    Found 1-bit 4-to-1 multiplexer for signal <_n0051> created at line 107.
    Found 4-bit comparator greater for signal <temp1> created at line 131
    Summary:
	inferred   1 Comparator(s).
	inferred   3 Multiplexer(s).
Unit <ALU_top> synthesized.

Synthesizing Unit <four_bit_adder>.
    Related source file is "C:\Users\Beyazit\Desktop\xlinx_projects\alu\four_bit_adder.vhd".
    Summary:
	no macro.
Unit <four_bit_adder> synthesized.

Synthesizing Unit <full_adder>.
    Related source file is "C:\Users\Beyazit\Desktop\xlinx_projects\alu\full_adder.vhd".
    Summary:
	no macro.
Unit <full_adder> synthesized.

Synthesizing Unit <half_adder>.
    Related source file is "C:\Users\Beyazit\Desktop\xlinx_projects\alu\half_adder.vhd".
    Summary:
Unit <half_adder> synthesized.

Synthesizing Unit <four_bit_subtract>.
    Related source file is "C:\Users\Beyazit\Desktop\xlinx_projects\alu\four_bit_subtract.vhd".
INFO:Xst:3210 - "C:\Users\Beyazit\Desktop\xlinx_projects\alu\four_bit_subtract.vhd" line 54: Output port <cout> of the instance <U4> is unconnected or connected to loadless signal.
    Summary:
	no macro.
Unit <four_bit_subtract> synthesized.

Synthesizing Unit <four_bit_and>.
    Related source file is "C:\Users\Beyazit\Desktop\xlinx_projects\alu\four_bit_and.vhd".
    Summary:
	no macro.
Unit <four_bit_and> synthesized.

Synthesizing Unit <four_bit_or>.
    Related source file is "C:\Users\Beyazit\Desktop\xlinx_projects\alu\four_bit_or.vhd".
    Summary:
	no macro.
Unit <four_bit_or> synthesized.

Synthesizing Unit <four_bit_xor>.
    Related source file is "C:\Users\Beyazit\Desktop\xlinx_projects\alu\four_bit_xor.vhd".
    Summary:
Unit <four_bit_xor> synthesized.

Synthesizing Unit <increment>.
    Related source file is "C:\Users\Beyazit\Desktop\xlinx_projects\alu\increment.vhd".
    Summary:
	no macro.
Unit <increment> synthesized.

Synthesizing Unit <decrement>.
    Related source file is "C:\Users\Beyazit\Desktop\xlinx_projects\alu\decrement.vhd".
INFO:Xst:3210 - "C:\Users\Beyazit\Desktop\xlinx_projects\alu\decrement.vhd" line 47: Output port <cout> of the instance <U4> is unconnected or connected to loadless signal.
    Summary:
	no macro.
Unit <decrement> synthesized.

Synthesizing Unit <NotA>.
    Related source file is "C:\Users\Beyazit\Desktop\xlinx_projects\alu\NotA.vhd".
    Summary:
	no macro.
Unit <NotA> synthesized.

Synthesizing Unit <seven_four>.
    Related source file is "C:\Users\Beyazit\Desktop\xlinx_projects\alu\seven_four.vhd".
    Found 2-bit register for signal <sec>.
    Found 18-bit register for signal <counter>.
    Found 18-bit adder for signal <counter[17]_GND_22_o_add_4_OUT> created at line 135.
    Found 4x4-bit Read Only RAM for signal <sel>
    Found 7-bit 3-to-1 multiplexer for signal <segment> created at line 139.
    Summary:
	inferred   1 RAM(s).
	inferred   1 Adder/Subtractor(s).
	inferred  20 D-type flip-flop(s).
	inferred   1 Multiplexer(s).
Unit <seven_four> synthesized.

=========================================================================
HDL Synthesis Report

Macro Statistics
# RAMs                                                 : 1
 4x4-bit single-port Read Only RAM                     : 1
# Adders/Subtractors                                   : 1
 18-bit adder                                          : 1
# Registers                                            : 2
 18-bit register                                       : 1
 2-bit register                                        : 1
# Comparators                                          : 1
 4-bit comparator greater                              : 1
# Multiplexers                                         : 4
 1-bit 2-to-1 multiplexer                              : 1
 1-bit 4-to-1 multiplexer                              : 1
 4-bit 8-to-1 multiplexer                              : 1
 7-bit 3-to-1 multiplexer                              : 1
# Xors                                                 : 33
 1-bit xor2                                            : 32
 4-bit xor2                                            : 1

=========================================================================

=========================================================================
*                       Advanced HDL Synthesis                          *
=========================================================================


Synthesizing (advanced) Unit <seven_four>.
The following registers are absorbed into counter <counter>: 1 register on signal <counter>.
INFO:Xst:3231 - The small RAM <Mram_sel> will be implemented on LUTs in order to maximize performance and save block RAM resources. If you want to force its implementation on block, use option/constraint ram_style.
    -----------------------------------------------------------------------
    | ram_type           | Distributed                         |          |
    -----------------------------------------------------------------------
    | Port A                                                              |
    |     aspect ratio   | 4-word x 4-bit                      |          |
    |     weA            | connected to signal <GND>           | high     |
    |     addrA          | connected to signal <sec>           |          |
    |     diA            | connected to signal <GND>           |          |
    |     doA            | connected to signal <sel>           |          |
    -----------------------------------------------------------------------
Unit <seven_four> synthesized (advanced).

=========================================================================
Advanced HDL Synthesis Report

Macro Statistics
# RAMs                                                 : 1
 4x4-bit single-port distributed Read Only RAM         : 1
# Counters                                             : 1
 18-bit up counter                                     : 1
# Registers                                            : 2
 Flip-Flops                                            : 2
# Comparators                                          : 1
 4-bit comparator greater                              : 1
# Multiplexers                                         : 4
 1-bit 2-to-1 multiplexer                              : 1
 1-bit 4-to-1 multiplexer                              : 1
 4-bit 8-to-1 multiplexer                              : 1
 7-bit 3-to-1 multiplexer                              : 1
# Xors                                                 : 33
 1-bit xor2                                            : 32
 4-bit xor2                                            : 1

=========================================================================

=========================================================================
*                         Low Level Synthesis                           *
=========================================================================

Optimizing unit <ALU_top> ...

Optimizing unit <seven_four> ...

Mapping all equations...
Building and optimizing final netlist ...
Found area constraint ratio of 100 (+ 5) on block ALU_top, actual ratio is 0.

Final Macro Processing ...

=========================================================================
Final Register Report

Macro Statistics
# Registers                                            : 20
 Flip-Flops                                            : 20

=========================================================================

=========================================================================
*                           Partition Report                            *
=========================================================================

Partition Implementation Status
-------------------------------

  No Partitions were found in this design.

-------------------------------

=========================================================================
*                            Design Summary                             *
=========================================================================

Top Level Output File Name         : ALU_top.ngc

Primitive and Black Box Usage:
------------------------------
# BELS                             : 92
#      GND                         : 1
#      INV                         : 1
#      LUT1                        : 17
#      LUT2                        : 8
#      LUT4                        : 5
#      LUT5                        : 7
#      LUT6                        : 14
#      MUXCY                       : 17
#      MUXF7                       : 3
#      VCC                         : 1
#      XORCY                       : 18
# FlipFlops/Latches                : 20
#      FD                          : 20
# Clock Buffers                    : 1
#      BUFGP                       : 1
# IO Buffers                       : 30
#      IBUF                        : 11
#      OBUF                        : 19

Device utilization summary:
---------------------------

Selected Device : 7a100tcsg324-3 


Slice Logic Utilization: 
 Number of Slice Registers:              20  out of  126800     0%  
 Number of Slice LUTs:                   52  out of  63400     0%  
    Number used as Logic:                52  out of  63400     0%  

Slice Logic Distribution: 
 Number of LUT Flip Flop pairs used:     53
   Number with an unused Flip Flop:      33  out of     53    62%  
   Number with an unused LUT:             1  out of     53     1%  
   Number of fully used LUT-FF pairs:    19  out of     53    35%  
   Number of unique control sets:         1

IO Utilization: 
 Number of IOs:                          31
 Number of bonded IOBs:                  31  out of    210    14%  

Specific Feature Utilization:
 Number of BUFG/BUFGCTRLs:                1  out of     32     3%  

---------------------------
Partition Resource Summary:
---------------------------

  No Partitions were found in this design.

---------------------------


=========================================================================
Timing Report

NOTE: THESE TIMING NUMBERS ARE ONLY A SYNTHESIS ESTIMATE.
      FOR ACCURATE TIMING INFORMATION PLEASE REFER TO THE TRACE REPORT
      GENERATED AFTER PLACE-and-ROUTE.

Clock Information:
------------------
-----------------------------------+------------------------+-------+
Clock Signal                       | Clock buffer(FF name)  | Load  |
-----------------------------------+------------------------+-------+
clk                                | BUFGP                  | 20    |
-----------------------------------+------------------------+-------+

Asynchronous Control Signals Information:
----------------------------------------
No asynchronous control signals found in this design

Timing Summary:
---------------
Speed Grade: -3

   Minimum period: 1.852ns (Maximum Frequency: 539.869MHz)
   Minimum input arrival time before clock: No path found
   Maximum output required time after clock: 1.953ns
   Maximum combinational path delay: 3.676ns

Timing Details:
---------------
All values displayed in nanoseconds (ns)

=========================================================================
Timing constraint: Default period analysis for Clock 'clk'
  Clock period: 1.852ns (frequency: 539.869MHz)
  Total number of paths / destination ports: 173 / 20
-------------------------------------------------------------------------
Delay:               1.852ns (Levels of Logic = 19)
  Source:            A8/counter_0 (FF)
  Destination:       A8/counter_17 (FF)
  Source Clock:      clk rising
  Destination Clock: clk rising

  Data Path: A8/counter_0 to A8/counter_17
                                Gate     Net
    Cell:in->out      fanout   Delay   Delay  Logical Name (Net Name)
    ----------------------------------------  ------------
     FD:C->Q               1   0.361   0.279  A8/counter_0 (A8/counter_0)
     INV:I->O              1   0.113   0.000  A8/Mcount_counter_lut<0>_INV_0 (A8/Mcount_counter_lut<0>)
     MUXCY:S->O            1   0.353   0.000  A8/Mcount_counter_cy<0> (A8/Mcount_counter_cy<0>)
     MUXCY:CI->O           1   0.023   0.000  A8/Mcount_counter_cy<1> (A8/Mcount_counter_cy<1>)
     MUXCY:CI->O           1   0.023   0.000  A8/Mcount_counter_cy<2> (A8/Mcount_counter_cy<2>)
     MUXCY:CI->O           1   0.023   0.000  A8/Mcount_counter_cy<3> (A8/Mcount_counter_cy<3>)
     MUXCY:CI->O           1   0.023   0.000  A8/Mcount_counter_cy<4> (A8/Mcount_counter_cy<4>)
     MUXCY:CI->O           1   0.023   0.000  A8/Mcount_counter_cy<5> (A8/Mcount_counter_cy<5>)
     MUXCY:CI->O           1   0.023   0.000  A8/Mcount_counter_cy<6> (A8/Mcount_counter_cy<6>)
     MUXCY:CI->O           1   0.023   0.000  A8/Mcount_counter_cy<7> (A8/Mcount_counter_cy<7>)
     MUXCY:CI->O           1   0.023   0.000  A8/Mcount_counter_cy<8> (A8/Mcount_counter_cy<8>)
     MUXCY:CI->O           1   0.023   0.000  A8/Mcount_counter_cy<9> (A8/Mcount_counter_cy<9>)
     MUXCY:CI->O           1   0.023   0.000  A8/Mcount_counter_cy<10> (A8/Mcount_counter_cy<10>)
     MUXCY:CI->O           1   0.023   0.000  A8/Mcount_counter_cy<11> (A8/Mcount_counter_cy<11>)
     MUXCY:CI->O           1   0.023   0.000  A8/Mcount_counter_cy<12> (A8/Mcount_counter_cy<12>)
     MUXCY:CI->O           1   0.023   0.000  A8/Mcount_counter_cy<13> (A8/Mcount_counter_cy<13>)
     MUXCY:CI->O           1   0.023   0.000  A8/Mcount_counter_cy<14> (A8/Mcount_counter_cy<14>)
     MUXCY:CI->O           1   0.023   0.000  A8/Mcount_counter_cy<15> (A8/Mcount_counter_cy<15>)
     MUXCY:CI->O           0   0.023   0.000  A8/Mcount_counter_cy<16> (A8/Mcount_counter_cy<16>)
     XORCY:CI->O           1   0.370   0.000  A8/Mcount_counter_xor<17> (A8/Result<17>)
     FD:D                      0.008          A8/counter_17
    ----------------------------------------
    Total                      1.852ns (1.573ns logic, 0.279ns route)
                                       (84.9% logic, 15.1% route)

=========================================================================
Timing constraint: Default OFFSET OUT AFTER for Clock 'clk'
  Total number of paths / destination ports: 22 / 11
-------------------------------------------------------------------------
Offset:              1.953ns (Levels of Logic = 3)
  Source:            A8/sec_0 (FF)
  Destination:       seg_out<6> (PAD)
  Source Clock:      clk rising

  Data Path: A8/sec_0 to seg_out<6>
                                Gate     Net
    Cell:in->out      fanout   Delay   Delay  Logical Name (Net Name)
    ----------------------------------------  ------------
     FD:C->Q              11   0.361   0.740  A8/sec_0 (A8/sec_0)
     LUT6:I0->O            1   0.097   0.379  A8/Mmux_segment41 (A8/Mmux_segment4)
     LUT2:I0->O            1   0.097   0.279  A8/Mmux_segment42 (seg_out_4_OBUF)
     OBUF:I->O                 0.000          seg_out_4_OBUF (seg_out<4>)
    ----------------------------------------
    Total                      1.953ns (0.555ns logic, 1.398ns route)
                                       (28.4% logic, 71.6% route)

=========================================================================
Timing constraint: Default path analysis
  Total number of paths / destination ports: 595 / 10
-------------------------------------------------------------------------
Delay:               3.676ns (Levels of Logic = 8)
  Source:            in1<1> (PAD)
  Destination:       seg_out<6> (PAD)

  Data Path: in1<1> to seg_out<6>
                                Gate     Net
    Cell:in->out      fanout   Delay   Delay  Logical Name (Net Name)
    ----------------------------------------  ------------
     IBUF:I->O             8   0.001   0.589  in1_1_IBUF (A5/U2/sum_low)
     LUT4:I0->O            3   0.097   0.566  A1/U2/cout1 (A1/w2)
     LUT5:I1->O            1   0.097   0.511  Mmux_final_out_43_SW0 (N4)
     LUT5:I2->O            1   0.097   0.000  Mmux_final_out_43 (Mmux_final_out_43)
     MUXF7:I0->O           8   0.277   0.589  Mmux_final_out_2_f7_2 (final_out<3>)
     LUT6:I2->O            1   0.097   0.379  A8/Mmux_segment61 (A8/Mmux_segment6)
     LUT2:I0->O            1   0.097   0.279  A8/Mmux_segment62 (seg_out_6_OBUF)
     OBUF:I->O                 0.000          seg_out_6_OBUF (seg_out<6>)
    ----------------------------------------
    Total                      3.676ns (0.763ns logic, 2.913ns route)
                                       (20.8% logic, 79.2% route)

=========================================================================

Cross Clock Domains Report:
--------------------------

Clock to Setup on destination clock clk
---------------+---------+---------+---------+---------+
               | Src:Rise| Src:Fall| Src:Rise| Src:Fall|
Source Clock   |Dest:Rise|Dest:Rise|Dest:Fall|Dest:Fall|
---------------+---------+---------+---------+---------+
clk            |    1.852|         |         |         |
---------------+---------+---------+---------+---------+

=========================================================================


Total REAL time to Xst completion: 8.00 secs
Total CPU time to Xst completion: 7.74 secs
 
--> 

Total memory usage is 4618292 kilobytes

Number of errors   :    0 (   0 filtered)
Number of warnings :    2 (   0 filtered)
Number of infos    :    4 (   0 filtered)

