Running: G:\Xlinx\ISE\14.7\ISE_DS\ISE\bin\nt64\unwrapped\fuse.exe -intstyle ise -incremental -lib secureip -o G:/xlinx_projects/computer_arch/LAB3/seq_multiplier_test_isim_beh.exe -prj G:/xlinx_projects/computer_arch/LAB3/seq_multiplier_test_beh.prj work.seq_multiplier_test 
ISim P.20131013 (signature 0x7708f090)
Number of CPUs detected in this system: 6
Turning on mult-threading, number of parallel sub-compilation jobs: 12 
Determining compilation order of HDL files
Parsing VHDL file "G:/xlinx_projects/computer_arch/LAB3/Product.vhd" into library work
Parsing VHDL file "G:/xlinx_projects/computer_arch/LAB3/MULTIPLIER.vhd" into library work
Parsing VHDL file "G:/xlinx_projects/computer_arch/LAB3/MULTIPLICAND.vhd" into library work
Parsing VHDL file "G:/xlinx_projects/computer_arch/LAB3/CONTROLLER.vhd" into library work
Parsing VHDL file "G:/xlinx_projects/computer_arch/LAB3/and_mod.vhd" into library work
Parsing VHDL file "G:/xlinx_projects/computer_arch/LAB3/ADDER.vhd" into library work
Parsing VHDL file "G:/xlinx_projects/computer_arch/LAB3/seq_multiplier.vhd" into library work
Parsing VHDL file "G:/xlinx_projects/computer_arch/LAB3/seq_multiplier_test.vhd" into library work
Starting static elaboration
Completed static elaboration
Compiling package standard
Compiling package std_logic_1164
Compiling package numeric_std
Compiling package std_logic_arith
Compiling package std_logic_unsigned
Compiling architecture behavioral of entity controller [controller_default]
Compiling architecture behavioral of entity MULTIPLIER [multiplier_default]
Compiling architecture behavioral of entity MULTIPLICAND [multiplicand_default]
Compiling architecture behavioral of entity AND_MOD [and_mod_default]
Compiling architecture behavioral of entity ADDER [adder_default]
Compiling architecture behavioral of entity Product_module [product_module_default]
Compiling architecture behavioral of entity seq_multiplier [seq_multiplier_default]
Compiling architecture behavior of entity seq_multiplier_test
Time Resolution for simulation is 1ps.
Waiting for 1 sub-compilation(s) to finish...
Compiled 20 VHDL Units
Built simulation executable G:/xlinx_projects/computer_arch/LAB3/seq_multiplier_test_isim_beh.exe
Fuse Memory Usage: 37300 KB
Fuse CPU Usage: 546 ms
